This is pdfTeX, Version 3.1415926-2.3-1.40.12 (TeX Live 2011) (format=pdflatex 2011.11.27)  27 NOV 2011 03:20
entering extended mode
 restricted \write18 enabled.
 %&-line parsing enabled.
**\nonstopmode \AtBeginDocument{\OnlyDescription}\input{preview.drv}
(./preview.drv (/usr/share/texmf-dist/tex/latex/base/ltxdoc.cls
Document Class: ltxdoc 2007/11/11 v2.0u Standard LaTeX documentation class
(/usr/share/texmf-dist/tex/latex/base/article.cls
Document Class: article 2007/10/19 v1.4h Standard LaTeX document class
(/usr/share/texmf-dist/tex/latex/base/size10.clo
File: size10.clo 2007/10/19 v1.4h Standard LaTeX file (size option)
)
\c@part=\count79
\c@section=\count80
\c@subsection=\count81
\c@subsubsection=\count82
\c@paragraph=\count83
\c@subparagraph=\count84
\c@figure=\count85
\c@table=\count86
\abovecaptionskip=\skip41
\belowcaptionskip=\skip42
\bibindent=\dimen102
)
(/usr/share/texmf-dist/tex/latex/base/doc.sty
Package: doc 2006/02/02 v2.1d Standard LaTeX documentation package (FMi)
\c@StandardModuleDepth=\count87
\guard@level=\count88
\MacrocodeTopsep=\skip43
\MacroIndent=\dimen103
\macro@cnt=\count89
\MacroTopsep=\skip44
\index@excludelist=\toks14

(/usr/share/texmf-dist/tex/latex/tools/multicol.sty
Package: multicol 2008/12/05 v1.6h multicolumn formatting (FMi)
\c@tracingmulticols=\count90
\mult@box=\box26
\multicol@leftmargin=\dimen104
\c@unbalance=\count91
\c@collectmore=\count92
\doublecol@number=\count93
\multicoltolerance=\count94
\multicolpretolerance=\count95
\full@width=\dimen105
\page@free=\dimen106
\premulticols=\dimen107
\postmulticols=\dimen108
\multicolsep=\skip45
\multicolbaselineskip=\skip46
\partial@page=\box27
\last@line=\box28
\mult@rightbox=\box29
\mult@grightbox=\box30
\mult@gfirstbox=\box31
\mult@firstbox=\box32
\@tempa=\box33
\@tempa=\box34
\@tempa=\box35
\@tempa=\box36
\@tempa=\box37
\@tempa=\box38
\@tempa=\box39
\@tempa=\box40
\@tempa=\box41
\@tempa=\box42
\@tempa=\box43
\@tempa=\box44
\@tempa=\box45
\@tempa=\box46
\@tempa=\box47
\@tempa=\box48
\@tempa=\box49
\c@columnbadness=\count96
\c@finalcolumnbadness=\count97
\last@try=\dimen109
\multicolovershoot=\dimen110
\multicolundershoot=\dimen111
\mult@nat@firstbox=\box50
\colbreak@box=\box51
)
\IndexMin=\dimen112
\c@IndexColumns=\count98
\GlossaryMin=\dimen113
\c@GlossaryColumns=\count99
\check@sum=\count100
\bslash@cnt=\count101
\wrong@table=\toks15
\c@CodelineNo=\count102
)) (./preview.sty
Package: preview 2010/02/14 CVS-1.126 (AUCTeX/preview-latex)
)
(./preview.aux)
\openout1 = `preview.aux'.

LaTeX Font Info:    Checking defaults for OML/cmm/m/it on input line 29.
LaTeX Font Info:    ... okay on input line 29.
LaTeX Font Info:    Checking defaults for T1/cmr/m/n on input line 29.
LaTeX Font Info:    ... okay on input line 29.
LaTeX Font Info:    Checking defaults for OT1/cmr/m/n on input line 29.
LaTeX Font Info:    ... okay on input line 29.
LaTeX Font Info:    Checking defaults for OMS/cmsy/m/n on input line 29.
LaTeX Font Info:    ... okay on input line 29.
LaTeX Font Info:    Checking defaults for OMX/cmex/m/n on input line 29.
LaTeX Font Info:    ... okay on input line 29.
LaTeX Font Info:    Checking defaults for U/cmr/m/n on input line 29.
LaTeX Font Info:    ... okay on input line 29.
Package doc Info: Made | a short reference for \verb on input line 29.
 (./preview.dtx
LaTeX Font Info:    External font `cmex10' loaded for size
(Font)              <17.28> on input line 28.
LaTeX Font Info:    External font `cmex10' loaded for size
(Font)              <12> on input line 28.
LaTeX Font Info:    External font `cmex10' loaded for size
(Font)              <8> on input line 28.
LaTeX Font Info:    External font `cmex10' loaded for size
(Font)              <6> on input line 28.
LaTeX Font Info:    External font `cmex10' loaded for size
(Font)              <5> on input line 28.
LaTeX Font Info:    External font `cmex10' loaded for size
(Font)              <7> on input line 31.

Overfull \hbox (2.944pt too wide) in paragraph at lines 42--51
\OT1/cmr/m/n/10 good al-ter-na-tive: Peo-ple make do by fid-dling around with [
]\OT1/cmtt/m/n/10 \thispagestyle{empty}
 []

[1

{//var/lib/texmf/fonts/map/pdftex/updmap/pdftex.map}]
LaTeX Font Info:    Font shape `OT1/cmtt/bx/n' in size <10> not available
(Font)              Font shape `OT1/cmtt/m/n' tried instead on input line 90.
 [2]
Overfull \hbox (6.0296pt too wide) in paragraph at lines 152--154
[][]\OT1/cmtt/m/n/10 latex '\RequirePackage[active,delayed,$\OMS/cmsy/m/n/10 h$
[]\OT1/cmr/m/it/10 options$\OMS/cmsy/m/n/10 i$[][]\OT1/cmtt/m/n/10 ]{preview}
 []

[3] [4] [5] [6] [7]

LaTeX Warning: Marginpar on page 8 moved.

) [8] (./preview.aux) ) 
Here is how much of TeX's memory you used:
 657 strings out of 495070
 7877 string characters out of 3182803
 62448 words of memory out of 3000000
 3885 multiletter control sequences out of 15000+200000
 9748 words of font info for 36 fonts, out of 3000000 for 9000
 14 hyphenation exceptions out of 8191
 31i,9n,21p,286b,215s stack positions out of 5000i,500n,10000p,200000b,50000s
</usr/share/texmf-dist/fonts/type1/public/amsfonts/cm/cm
bx12.pfb></usr/share/texmf-dist/fonts/type1/public/amsfonts/cm/cmbxti10.pfb></u
sr/share/texmf-dist/fonts/type1/public/amsfonts/cm/cmitt10.pfb></usr/share/texm
f-dist/fonts/type1/public/amsfonts/cm/cmr10.pfb></usr/share/texmf-dist/fonts/ty
pe1/public/amsfonts/cm/cmr12.pfb></usr/share/texmf-dist/fonts/type1/public/amsf
onts/cm/cmr17.pfb></usr/share/texmf-dist/fonts/type1/public/amsfonts/cm/cmr7.pf
b></usr/share/texmf-dist/fonts/type1/public/amsfonts/cm/cmsy10.pfb></usr/share/
texmf-dist/fonts/type1/public/amsfonts/cm/cmsy6.pfb></usr/share/texmf-dist/font
s/type1/public/amsfonts/cm/cmsy8.pfb></usr/share/texmf-dist/fonts/type1/public/
amsfonts/cm/cmti10.pfb></usr/share/texmf-dist/fonts/type1/public/amsfonts/cm/cm
tt10.pfb></usr/share/texmf-dist/fonts/type1/public/amsfonts/cm/cmtt12.pfb></usr
/share/texmf-dist/fonts/type1/public/amsfonts/cm/cmtt8.pfb></usr/share/texmf-di
st/fonts/type1/public/amsfonts/cm/cmtt9.pfb>
Output written on preview.pdf (8 pages, 170817 bytes).
PDF statistics:
 91 PDF objects out of 1000 (max. 8388607)
 65 compressed objects within 1 object stream
 0 named destinations out of 1000 (max. 500000)
 1 words of extra memory for PDF output out of 10000 (max. 10000000)

