This file contains any messages produced by compilers while
running configure, to aid debugging if configure makes a mistake.

It was created by auctex configure 11.86, which was
generated by GNU Autoconf 2.67.  Invocation command line was

  $ ./configure 

## --------- ##
## Platform. ##
## --------- ##

hostname = Fevia
uname -m = x86_64
uname -r = 2.6.35-coldnew-r17
uname -s = Linux
uname -v = #1 SMP Wed Sep 15 23:18:48 CST 2010

/usr/bin/uname -p = Intel(R) Core(TM) i5 CPU 760 @ 2.80GHz
/bin/uname -X     = unknown

/bin/arch              = unknown
/usr/bin/arch -k       = unknown
/usr/convex/getsysinfo = unknown
/usr/bin/hostinfo      = unknown
/bin/machine           = unknown
/usr/bin/oslevel       = unknown
/bin/universe          = unknown

PATH: /usr/lib/colorgcc/bin
PATH: ~/bin
PATH: ~/bin/shell_scripts
PATH: /usr/local/bin
PATH: /usr/bin
PATH: /bin
PATH: /opt/bin
PATH: /usr/x86_64-pc-linux-gnu/gcc-bin/4.4.3
PATH: /usr/games/bin
PATH: /opt/vmware/bin
PATH: /opt/cuda/bin
PATH: /opt/altera/quartus/bin/
PATH: /opt/vmware/bin/


## ----------- ##
## Core tests. ##
## ----------- ##

configure:1733: checking for make
configure:1749: found /usr/bin/make
configure:1760: result: make
configure:1776: checking whether make sets $(MAKE)
configure:1798: result: yes
configure:1850: checking for a BSD-compatible install
configure:1918: result: /usr/bin/install -c
configure:1931: checking for date in ChangeLog
configure:1938: result: 2010-09-12
configure:1940: checking for release in ChangeLog
configure:1946: result: not found, using 2010-09-12 instead
configure:2000: checking for emacs
configure:2018: found /usr/bin/emacs
configure:2030: result: /usr/bin/emacs
configure:2046: checking if /usr/bin/emacs is XEmacs
/usr/bin/emacs -batch -no-site-file -eval (let* ((x (if (featurep (quote xemacs)) "yes" "no"))) (write-region (if (stringp x) x (prin1-to-string x)) nil "./conftest-11119"))
Wrote /home/coldnew/.emacs.d/plugins/auctex/conftest-11119
=> no
configure:2066: result: no
configure:2070: checking for Emacs prefix
/usr/bin/emacs -batch -no-site-file -eval (let* ((cmd(pop command-line-args-left))(x (condition-case nil (let*
    ((prefix (directory-file-name (file-name-directory (executable-find cmd))))
     (parent (directory-file-name (file-name-directory prefix))))
    (if (string= (file-name-nondirectory prefix) "bin")
        (setq prefix parent)
      (if (string= (file-name-nondirectory parent) "bin")
         (setq prefix (directory-file-name (file-name-directory parent)))))
    prefix) (error NONE)))) (write-region (if (stringp x) x (prin1-to-string x)) nil "./conftest-11119")) /usr/bin/emacs
Wrote /home/coldnew/.emacs.d/plugins/auctex/conftest-11119
=> /usr
configure:2089: result: "/usr"
configure:2119: checking if Emacs is recent enough
/usr/bin/emacs -batch -no-site-file -eval (let* ((x (cond ((< emacs-major-version 21) "no")
			 ((> emacs-major-version 21) "yes")
			 ((< emacs-minor-version 01) "no")
			 (t "yes")))) (write-region (if (stringp x) x (prin1-to-string x)) nil "./conftest-11119"))
Wrote /home/coldnew/.emacs.d/plugins/auctex/conftest-11119
=> yes
configure:2133: result: yes
configure:2143: checking for MULE support
/usr/bin/emacs -batch -eval (let* ((x (condition-case nil (require 'mule ) 	(error (prog1 nil (message "mule not found")))))) (write-region (if (stringp x) x (prin1-to-string x)) nil "./conftest-11119"))
Wrote /home/coldnew/.emacs.d/plugins/auctex/conftest-11119
=> mule
configure:2177: result: yes
configure:2222: checking if build directory is valid
/usr/bin/emacs -batch -eval (let* ((x (if (or (member (directory-file-name default-directory) load-path)	      (member (file-name-as-directory default-directory) load-path))	 "no" "yes"))) (write-region (if (stringp x) x (prin1-to-string x)) nil "./conftest-11119"))
Wrote /home/coldnew/.emacs.d/plugins/auctex/conftest-11119
=> yes
configure:2238: result: yes
configure:2326: checking where lisp files go
/usr/bin/emacs -batch -eval (let* ((prefix(pop command-line-args-left)) (expanded(pop command-line-args-left)) (x (catch 22
       (let (reldir (dirs load-path))
	  (dolist (name (list "emacs/site-lisp" "emacs/site-packages"
	         "site-lisp" "site-packages") "NONE")
	    (dolist (dir dirs)
	      (when (and dir
	      	         (setq dir (directory-file-name dir))
                         (file-name-absolute-p dir)
	      	         (file-directory-p dir)
	                 (not (string-match "\\`\\.\\."
                           (setq reldir (file-relative-name dir expanded))))
			 (not (file-name-absolute-p reldir))
                         (let ((name name) (dir dir))
		           (while (and dir name
		                       (string= (file-name-nondirectory dir)
		                                (file-name-nondirectory name))
                              (setq dir (file-name-directory dir)
				   name (file-name-directory name))
			      (if (and dir name)
			         (setq dir (directory-file-name dir)
			              name (directory-file-name name)))))
		            (null name))
		   (throw 22
                      (if (string= reldir ".") (directory-file-name prefix)
                        (concat (file-name-as-directory prefix)
                                reldir))))))))))) (write-region (if (stringp x) x (prin1-to-string x)) nil "./conftest-11119")) ${datadir}/emacs /usr/local/share/emacs
Wrote /home/coldnew/.emacs.d/plugins/auctex/conftest-11119
=> NONE
/usr/bin/emacs -batch -eval (let* ((prefix(pop command-line-args-left)) (expanded(pop command-line-args-left)) (x (catch 22
       (let (reldir (dirs load-path))
	  (dolist (name (list "emacs/site-lisp" "emacs/site-packages"
	         "site-lisp" "site-packages") "NONE")
	    (dolist (dir dirs)
	      (when (and dir
	      	         (setq dir (directory-file-name dir))
                         (file-name-absolute-p dir)
	      	         (file-directory-p dir)
	                 (not (string-match "\\`\\.\\."
                           (setq reldir (file-relative-name dir expanded))))
			 (not (file-name-absolute-p reldir))
                         (let ((name name) (dir dir))
		           (while (and dir name
		                       (string= (file-name-nondirectory dir)
		                                (file-name-nondirectory name))
                              (setq dir (file-name-directory dir)
				   name (file-name-directory name))
			      (if (and dir name)
			         (setq dir (directory-file-name dir)
			              name (directory-file-name name)))))
		            (null name))
		   (throw 22
                      (if (string= reldir ".") (directory-file-name prefix)
                        (concat (file-name-as-directory prefix)
                                reldir))))))))))) (write-region (if (stringp x) x (prin1-to-string x)) nil "./conftest-11119")) ${libdir}/emacs /usr/local/lib/emacs
Wrote /home/coldnew/.emacs.d/plugins/auctex/conftest-11119
=> NONE
/usr/bin/emacs -batch -eval (let* ((prefix(pop command-line-args-left)) (expanded(pop command-line-args-left)) (x (catch 22
       (let (reldir (dirs load-path))
	  (dolist (name (list "emacs/site-lisp" "emacs/site-packages"
	         "site-lisp" "site-packages") "NONE")
	    (dolist (dir dirs)
	      (when (and dir
	      	         (setq dir (directory-file-name dir))
                         (file-name-absolute-p dir)
	      	         (file-directory-p dir)
	                 (not (string-match "\\`\\.\\."
                           (setq reldir (file-relative-name dir expanded))))
			 (not (file-name-absolute-p reldir))
                         (let ((name name) (dir dir))
		           (while (and dir name
		                       (string= (file-name-nondirectory dir)
		                                (file-name-nondirectory name))
                              (setq dir (file-name-directory dir)
				   name (file-name-directory name))
			      (if (and dir name)
			         (setq dir (directory-file-name dir)
			              name (directory-file-name name)))))
		            (null name))
		   (throw 22
                      (if (string= reldir ".") (directory-file-name prefix)
                        (concat (file-name-as-directory prefix)
                                reldir))))))))))) (write-region (if (stringp x) x (prin1-to-string x)) nil "./conftest-11119")) /usr/share/emacs /usr/share/emacs
Wrote /home/coldnew/.emacs.d/plugins/auctex/conftest-11119
=> /usr/share/emacs/site-lisp
configure:2398: result: /usr/share/emacs/site-lisp
configure:2402: checking what file to use for auctex startup
configure:2429: result: /usr/share/emacs/site-lisp/auctex.el
configure:2447: checking where the package lisp files go
/usr/bin/emacs -batch -no-site-file -eval (let* ((path(pop command-line-args-left)) (lispdir(pop command-line-args-left)) (startup(pop command-line-args-left)) (target(pop command-line-args-left))(x (progn (setq path (directory-file-name path))
  (if (or target
          (not (string= (car load-path) (directory-file-name (car load-path)))))
    (setq path (file-name-as-directory path)))
  (setq path (expand-file-name path lispdir))
  (setq startupdir (file-name-directory (expand-file-name startup lispdir)))
  (prin1-to-string
    (if (or (string-match "\\`\\.\\."
              (setq relname (file-relative-name startupdir lispdir)))
            (file-name-absolute-p relname)
	    (string-match "\\`\\.\\."
              (setq relname (file-relative-name path lispdir)))
 	    (file-name-absolute-p relname))
	  (concat path target)
	(cond (target
	       `(expand-file-name
                   ,(file-relative-name (concat path target) startupdir)
	           (file-name-directory load-file-name)))
              ((string= path startupdir)
	         '(file-name-directory load-file-name))
	      ((string= path (directory-file-name startupdir))
                 '(directory-file-name (file-name-directory load-file-name)))
              (t
	       `(expand-file-name
                   ,(file-relative-name path startupdir)
	           (file-name-directory load-file-name))))))))) (write-region (if (stringp x) x (prin1-to-string x)) nil "./conftest-11119")) /usr/share/emacs/site-lisp/auctex /usr/share/emacs/site-lisp /usr/share/emacs/site-lisp/tex-site.el
Wrote /home/coldnew/.emacs.d/plugins/auctex/conftest-11119
=> (expand-file-name "auctex" (file-name-directory load-file-name))
configure:2528: result: /usr/share/emacs/site-lisp/auctex
configure:2531: checking where the data files go
/usr/bin/emacs -batch -no-site-file -eval (let* ((path(pop command-line-args-left)) (lispdir(pop command-line-args-left)) (startup(pop command-line-args-left)) (target(pop command-line-args-left))(x (progn (setq path (directory-file-name path))
  (if (or target
          (not (string= (car load-path) (directory-file-name (car load-path)))))
    (setq path (file-name-as-directory path)))
  (setq path (expand-file-name path lispdir))
  (setq startupdir (file-name-directory (expand-file-name startup lispdir)))
  (prin1-to-string
    (if (or (string-match "\\`\\.\\."
              (setq relname (file-relative-name startupdir lispdir)))
            (file-name-absolute-p relname)
	    (string-match "\\`\\.\\."
              (setq relname (file-relative-name path lispdir)))
 	    (file-name-absolute-p relname))
	  (concat path target)
	(cond (target
	       `(expand-file-name
                   ,(file-relative-name (concat path target) startupdir)
	           (file-name-directory load-file-name)))
              ((string= path startupdir)
	         '(file-name-directory load-file-name))
	      ((string= path (directory-file-name startupdir))
                 '(directory-file-name (file-name-directory load-file-name)))
              (t
	       `(expand-file-name
                   ,(file-relative-name path startupdir)
	           (file-name-directory load-file-name))))))))) (write-region (if (stringp x) x (prin1-to-string x)) nil "./conftest-11119")) /usr/share/emacs/site-lisp/auctex /usr/share/emacs/site-lisp /usr/share/emacs/site-lisp/tex-site.el
Wrote /home/coldnew/.emacs.d/plugins/auctex/conftest-11119
=> (expand-file-name "auctex" (file-name-directory load-file-name))
configure:2612: result: /usr/share/emacs/site-lisp/auctex
/usr/bin/emacs -batch -no-site-file -eval (let* ((path(pop command-line-args-left)) (lispdir(pop command-line-args-left)) (startup(pop command-line-args-left)) (target(pop command-line-args-left))(x (progn (setq path (directory-file-name path))
  (if (or target
          (not (string= (car load-path) (directory-file-name (car load-path)))))
    (setq path (file-name-as-directory path)))
  (setq path (expand-file-name path lispdir))
  (setq startupdir (file-name-directory (expand-file-name startup lispdir)))
  (prin1-to-string
    (if (or (string-match "\\`\\.\\."
              (setq relname (file-relative-name startupdir lispdir)))
            (file-name-absolute-p relname)
	    (string-match "\\`\\.\\."
              (setq relname (file-relative-name path lispdir)))
 	    (file-name-absolute-p relname))
	  (concat path target)
	(cond (target
	       `(expand-file-name
                   ,(file-relative-name (concat path target) startupdir)
	           (file-name-directory load-file-name)))
              ((string= path startupdir)
	         '(file-name-directory load-file-name))
	      ((string= path (directory-file-name startupdir))
                 '(directory-file-name (file-name-directory load-file-name)))
              (t
	       `(expand-file-name
                   ,(file-relative-name path startupdir)
	           (file-name-directory load-file-name))))))))) (write-region (if (stringp x) x (prin1-to-string x)) nil "./conftest-11119"))  /usr/share/emacs/site-lisp /usr/share/emacs/site-lisp/auctex.el tex-site.el
Wrote /home/coldnew/.emacs.d/plugins/auctex/conftest-11119
=> (expand-file-name "tex-site.el" (file-name-directory load-file-name))
configure:2689: checking where the info files go
configure:2691: result: ${datarootdir}/info
configure:2702: checking where automatically generated global style hooks go
configure:2712: result: ${localstatedir}/auctex
/usr/bin/emacs -batch -no-site-file -eval (let* ((path(pop command-line-args-left)) (lispdir(pop command-line-args-left)) (startup(pop command-line-args-left)) (target(pop command-line-args-left))(x (progn (setq path (directory-file-name path))
  (if (or target
          (not (string= (car load-path) (directory-file-name (car load-path)))))
    (setq path (file-name-as-directory path)))
  (setq path (expand-file-name path lispdir))
  (setq startupdir (file-name-directory (expand-file-name startup lispdir)))
  (prin1-to-string
    (if (or (string-match "\\`\\.\\."
              (setq relname (file-relative-name startupdir lispdir)))
            (file-name-absolute-p relname)
	    (string-match "\\`\\.\\."
              (setq relname (file-relative-name path lispdir)))
 	    (file-name-absolute-p relname))
	  (concat path target)
	(cond (target
	       `(expand-file-name
                   ,(file-relative-name (concat path target) startupdir)
	           (file-name-directory load-file-name)))
              ((string= path startupdir)
	         '(file-name-directory load-file-name))
	      ((string= path (directory-file-name startupdir))
                 '(directory-file-name (file-name-directory load-file-name)))
              (t
	       `(expand-file-name
                   ,(file-relative-name path startupdir)
	           (file-name-directory load-file-name))))))))) (write-region (if (stringp x) x (prin1-to-string x)) nil "./conftest-11119")) /usr/local/var/auctex /usr/share/emacs/site-lisp /usr/share/emacs/site-lisp/tex-site.el
Wrote /home/coldnew/.emacs.d/plugins/auctex/conftest-11119
=> "/usr/local/var/auctex"
configure:2792: checking for tex
configure:2810: found /usr/bin/tex
configure:2823: result: /usr/bin/tex
configure:2833: checking for pdftex
configure:2851: found /usr/bin/pdftex
configure:2864: result: /usr/bin/pdftex
configure:2874: checking for dvips
configure:2892: found /usr/bin/dvips
configure:2905: result: /usr/bin/dvips
configure:2920: checking for perl
configure:2938: found /usr/bin/perl
configure:2951: result: /usr/bin/perl
configure:2965: checking for makeinfo
configure:2983: found /usr/bin/makeinfo
configure:2996: result: /usr/bin/makeinfo
configure:3006: checking for texi2html
configure:3024: found /usr/bin/texi2html
configure:3037: result: /usr/bin/texi2html
configure:3047: checking for texi2dvi
configure:3065: found /usr/bin/texi2dvi
configure:3078: result: /usr/bin/texi2dvi
configure:3088: checking for texi2pdf
configure:3106: found /usr/bin/texi2pdf
configure:3119: result: /usr/bin/texi2pdf
configure:3134: checking for install-info
configure:3152: found /usr/bin/install-info
configure:3165: result: /usr/bin/install-info
configure:3429: creating ./config.status

## ---------------------- ##
## Running config.status. ##
## ---------------------- ##

This file was extended by auctex config.status 11.86, which was
generated by GNU Autoconf 2.67.  Invocation command line was

  CONFIG_FILES    = 
  CONFIG_HEADERS  = 
  CONFIG_LINKS    = 
  CONFIG_COMMANDS = 
  $ ./config.status 

on Fevia

config.status:760: creating Makefile
config.status:760: creating tex-site.el.out
config.status:760: creating doc/Makefile
config.status:760: creating auctex.el
configure:4517: === configuring in preview (/home/coldnew/.emacs.d/plugins/auctex/preview)
configure:4580: running /bin/sh ./configure --disable-option-checking '--prefix=/usr/local'  --cache-file=/dev/null --srcdir=.

## ---------------- ##
## Cache variables. ##
## ---------------- ##

ac_cv_env_INSTALL_INFO_set=
ac_cv_env_INSTALL_INFO_value=
ac_cv_env_MAKEINFO_set=
ac_cv_env_MAKEINFO_value=
ac_cv_env_PERL_set=
ac_cv_env_PERL_value=
ac_cv_env_build_alias_set=
ac_cv_env_build_alias_value=
ac_cv_env_host_alias_set=
ac_cv_env_host_alias_value=
ac_cv_env_target_alias_set=
ac_cv_env_target_alias_value=
ac_cv_path_DVIPS=/usr/bin/dvips
ac_cv_path_EMACS=/usr/bin/emacs
ac_cv_path_INSTALL_INFO=/usr/bin/install-info
ac_cv_path_MAKEINFO=/usr/bin/makeinfo
ac_cv_path_PDFTEX=/usr/bin/pdftex
ac_cv_path_PERL=/usr/bin/perl
ac_cv_path_TEX=/usr/bin/tex
ac_cv_path_TEXI2DVI=/usr/bin/texi2dvi
ac_cv_path_TEXI2HTML=/usr/bin/texi2html
ac_cv_path_TEXI2PDF=/usr/bin/texi2pdf
ac_cv_path_install='/usr/bin/install -c'
ac_cv_prog_MAKECMD=make
ac_cv_prog_make_make_set=yes

## ----------------- ##
## Output variables. ##
## ----------------- ##

AUCTEXDATE='2010-09-12'
AUCTEXVERSION='2010-09-12'
DEFS='-DPACKAGE_NAME=\"auctex\" -DPACKAGE_TARNAME=\"auctex\" -DPACKAGE_VERSION=\"11.86\" -DPACKAGE_STRING=\"auctex\ 11.86\" -DPACKAGE_BUGREPORT=\"bug-auctex@gnu.org\" -DPACKAGE_URL=\"\"'
DVIPS='/usr/bin/dvips'
ECHO_C=''
ECHO_N='-n'
ECHO_T=''
EMACS='/usr/bin/emacs'
EMACS_FLAVOR='emacs'
HAVE_mule='yes'
INSTALL_DATA='${INSTALL} -m 644'
INSTALL_INFO='/usr/bin/install-info'
INSTALL_PROGRAM='${INSTALL}'
INSTALL_SCRIPT='${INSTALL}'
LIBOBJS=''
LIBS=''
LTLIBOBJS=''
MAKECMD='make'
MAKEINFO='/usr/bin/makeinfo'
MULEELC='tex-jp.elc'
MULESRC='tex-jp.el'
PACKAGE_BUGREPORT='bug-auctex@gnu.org'
PACKAGE_NAME='auctex'
PACKAGE_STRING='auctex 11.86'
PACKAGE_TARNAME='auctex'
PACKAGE_URL=''
PACKAGE_VERSION='11.86'
PATH_SEPARATOR=':'
PDFTEX='/usr/bin/pdftex'
PERL='/usr/bin/perl'
SET_MAKE=''
SHELL='/bin/sh'
TEX='/usr/bin/tex'
TEXI2DVI='/usr/bin/texi2dvi'
TEXI2HTML='/usr/bin/texi2html'
TEXI2PDF='/usr/bin/texi2pdf'
XEMACS='no'
auctexstartfile='/usr/share/emacs/site-lisp/auctex.el'
autodir='${localstatedir}/auctex'
bindir='${exec_prefix}/bin'
build_alias=''
datadir='${datarootdir}'
datarootdir='${prefix}/share'
docdir='${datarootdir}/doc/${PACKAGE_TARNAME}'
dvidir='${docdir}'
exec_prefix='${prefix}'
host_alias=''
htmldir='${docdir}'
includedir='${prefix}/include'
infodir='${datarootdir}/info'
libdir='${exec_prefix}/lib'
libexecdir='${exec_prefix}/libexec'
lispautodir='"/usr/local/var/auctex"'
lispdir='/usr/share/emacs/site-lisp'
lisppackagedatadir='(expand-file-name "auctex" (file-name-directory load-file-name))'
lisppackagelispdir='(expand-file-name "auctex" (file-name-directory load-file-name))'
lisptexsite='(expand-file-name "tex-site.el" (file-name-directory load-file-name))'
localedir='${datarootdir}/locale'
localstatedir='${prefix}/var'
mandir='${datarootdir}/man'
oldincludedir='/usr/include'
packagedatadir='/usr/share/emacs/site-lisp/auctex'
packagedir='no'
packagelispdir='/usr/share/emacs/site-lisp/auctex'
pdfdir='${docdir}'
prefix='/usr/local'
preview_enabled='yes'
program_transform_name='s,x,x,'
psdir='${docdir}'
sbindir='${exec_prefix}/sbin'
sharedstatedir='${prefix}/com'
subdirs=' preview'
sysconfdir='${prefix}/etc'
target_alias=''
texsite=''

## ----------- ##
## confdefs.h. ##
## ----------- ##

/* confdefs.h */
#define PACKAGE_NAME "auctex"
#define PACKAGE_TARNAME "auctex"
#define PACKAGE_VERSION "11.86"
#define PACKAGE_STRING "auctex 11.86"
#define PACKAGE_BUGREPORT "bug-auctex@gnu.org"
#define PACKAGE_URL ""

configure: exit 0
