This is pdfTeX, Version 3.1415926-1.40.11 (TeX Live 2010) (format=pdfetex 2011.3.8)  20 MAR 2011 01:03
entering extended mode
 restricted \write18 enabled.
 file:line:error style messages enabled.
 %&-line parsing enabled.
**./ess.texi
(./ess.texi (/usr/share/texmf-dist/tex/texinfo/texinfo.tex
Loading texinfo [version 2010-09-06.17]:
\bindingoffset=\dimen16
\normaloffset=\dimen17
\pagewidth=\dimen18
\pageheight=\dimen19
\outerhsize=\dimen20
\outervsize=\dimen21
\cornerlong=\dimen22
\cornerthick=\dimen23
\topandbottommargin=\dimen24
\headlinebox=\box16
\footlinebox=\box17
\margin=\insert252
\EMsimple=\toks13
\groupbox=\box18
\groupinvalidhelp=\toks14
\mil=\dimen25
\exdentamount=\skip18
\inmarginspacing=\skip19
 pdf,
\tempnum=\count27
\lnkcount=\count28
\filename=\toks15
\filenamelength=\count29
\pgn=\count30
\toksA=\toks16
\toksB=\toks17
\toksC=\toks18
\toksD=\toks19
\boxA=\box19
\countA=\count31
\nopdfimagehelp=\toks20
 fonts,
\sffam=\fam8
\textleading=\dimen26
 markup,
\fontdepth=\count32
 glyphs,
\errorbox=\box20

page headings,
\titlepagetopglue=\skip20
\titlepagebottomglue=\skip21
\evenheadline=\toks21
\oddheadline=\toks22
\evenfootline=\toks23
\oddfootline=\toks24
 tables,
\tableindent=\dimen27
\itemindent=\dimen28
\itemmargin=\dimen29
\itemmax=\dimen30
\itemno=\count33
\multitableparskip=\skip22
\multitableparindent=\skip23
\multitablecolspace=\dimen31
\multitablelinespace=\skip24
\colcount=\count34
\everytab=\toks25
 conditionals,
\doignorecount=\count35
 indexing,
\whatsitskip=\skip25
\whatsitpenalty=\count36
\secondaryindent=\skip26
\partialpage=\box21
\doublecolumnhsize=\dimen32
 sectioning,
\unnumberedno=\count37
\chapno=\count38
\secno=\count39
\subsecno=\count40
\subsubsecno=\count41
\appendixno=\count42
\absseclevel=\count43
\secbase=\count44
\chapheadingskip=\skip27
\secheadingskip=\skip28
\subsecheadingskip=\skip29
 toc,
\tocfile=\write0
\contentsrightmargin=\skip30
\savepageno=\count45
\lastnegativepageno=\count46
\tocindent=\dimen33
 environments,
\lispnarrowing=\skip31
\envskipamount=\skip32
\circthick=\dimen34
\cartouter=\dimen35
\cartinner=\dimen36
\normbskip=\skip33
\normpskip=\skip34
\normlskip=\skip35
\lskip=\skip36
\rskip=\skip37
\nonfillparindent=\dimen37
\tabw=\dimen38
\verbbox=\box22

defuns,
\defbodyindent=\skip38
\defargsindent=\skip39
\deflastargmargin=\skip40
\defunpenalty=\count47
\parencount=\count48
\brackcount=\count49
 macros,
\paramno=\count50
\macname=\toks26
 cross references,
\auxfile=\write1
\savesfregister=\count51
 insertions,
\footnoteno=\count52
\SAVEfootins=\box23
\SAVEmargin=\box24

(/usr/share/texmf-dist/tex/generic/epsf/epsf.tex
This is `epsf.tex' v2.7.3 <23 July 2005>
\epsffilein=\read1
\epsfframemargin=\dimen39
\epsfframethickness=\dimen40
\epsfrsize=\dimen41
\epsftmp=\dimen42
\epsftsize=\dimen43
\epsfxsize=\dimen44
\epsfysize=\dimen45
\pspoints=\dimen46
)
\noepsfhelp=\toks27
 localization,
\nolanghelp=\toks28
\countUTFx=\count53
\countUTFy=\count54
\countUTFz=\count55
 formatting,
\defaultparindent=\dimen47
 and turning on texinfo input format.) (./ess.aux)
\openout1 = `ess.aux'.

@cpindfile=@write2
@fnindfile=@write3
@vrindfile=@write4
@tpindfile=@write5
@kyindfile=@write6
@pgindfile=@write7

(./ess-defs.texi) (../VERSION) [1
\openout2 = `ess.cp'.

\openout3 = `ess.fn'.

\openout4 = `ess.vr'.

\openout5 = `ess.tp'.

\openout6 = `ess.ky'.

\openout7 = `ess.pg'.

{//var/lib/texmf/fonts/map/pdftex/updmap/pdftex.map}] Chapter 1
\openout0 = `ess.toc'.

 [1] (./newfeat.texi [2] [3]
Overfull \hbox (31.1112pt too wide) in paragraph at lines 96--97
 []@textrm ESS Man-ual now more vi-su-ally pleas-ing; [][]@texttt http://ess.r-
project.org/Manual/ess.html[][][] |

@hbox(7.60416+2.43333)x433.62, glue set - 1.0
.@glue(@leftskip) 43.36243
.@hbox(4.86667+0.0)x0.0, glue set - 12.70244fil
..@glue 0.0 plus 1.0fil minus 1.0fil
..@mathon
..@textsy ^^O
..@mathoff
..@kern 7.22743
.@textrm E
.@textrm S
.@textrm S
.etc.

[4] [5] [6]
Underfull \hbox (badness 10000) in paragraph at lines 311--315
 []@textrm by un-pack-ing ei-ther `@texttt ess-5.3.1.tgz[]@textrm '[] or `@text
tt ess-5.3.1.zip[]@textrm '[] into

@hbox(7.60416+2.43333)x433.62, glue set 6.31009
.@glue(@leftskip) 65.04364
.@hbox(7.05666+0.0)x0.0, glue set - 15.74411fil
..@glue 0.0 plus 1.0fil minus 1.0fil
..@textrm 2
..@textrm .
..@kern 7.22743
.@textrm b
.@kern-0.30418
.@textrm y
.etc.


Overfull \hbox (29.05722pt too wide) in paragraph at lines 311--315
 @textrm `@texttt PREFIX/lib/xemacs/site-packages[]@textrm '[] on unix or `@tex
ttt PREFIX\XEmacs\site-packages[]@textrm '[]|

@hbox(7.60416+2.43333)x433.62, glue set - 1.0
.@glue(@leftskip) 65.04364
.@textrm `
.@texttt P
.@texttt R
.@texttt E
.etc.

[7]) (./onewfeat.texi [8] [9] [10] [11] [12] [13] [14] [15]) (./credits.texi
[16] (./authors.texi)) (./getting.texi (./inst_svn.texi
Overfull \hbox (8.79224pt too wide) in paragraph at lines 7--11
[]@textrm The lat-est de-vel-op-ment ver-sion of ESS is avail-able via [][]@tex
ttt https://svn.R-project.org/ESS/[][][]@textrm ,|

@hbox(7.60416+2.43333)x433.62, glue set - 1.0
.@hbox(0.0+0.0)x15.0
.@textrm T
.@textrm h
.@textrm e
.@glue 3.65 plus 1.825 minus 1.21666
.etc.


Overfull \hbox (52.88176pt too wide) in paragraph at lines 7--11
@textrm the ESS Sub-ver-sion repos-i-tory. If you have a Sub-ver-sion client (s
ee [][]@texttt http://subversion.tigris.org/[][][]@textrm ),|

@hbox(8.2125+2.73749)x433.62, glue set - 1.0
.@textrm t
.@textrm h
.@textrm e
.@glue 3.65 plus 1.825 minus 1.21666
.@textrm E
.etc.

)) [17] Chapter 2 [18] (./unixlike.texi
Underfull \hbox (badness 10000) in paragraph at lines 64--71
 @textrm work-ing di-rec-tory of `@texttt /usr/local/LOCATION/xemacs/site-packa
ges[]@textrm '[] which

@hbox(7.60416+2.43333)x433.62, glue set 6.0428
.@glue(@leftskip) 21.68121
.@textrm w
.@kern-0.30418
.@textrm o
.@textrm r
.etc.

[19]) (./windows.texi [20] [21] [22]) (./requires.texi) Chapter 3 [23]
Underfull \hbox (badness 10000) in paragraph at lines 566--570
[]@textrm You can switch to any ac-tive ESS pro-cess with the com-mand `@texttt
 M-x

@hbox(7.60416+2.12917)x433.62, glue set 5.0366
.@hbox(0.0+0.0)x15.0
.@textrm Y
.@kern-0.91252
.@textrm o
.@textrm u
.etc.


Overfull \hbox (119.17264pt too wide) in paragraph at lines 594--597
 @texttt telnet[]@textrm '[] or `@texttt M-x ssh[]@textrm '[]; ssh.el is avail-
able at [][]@texttt ftp://ftp.splode.com/pub/users/friedman/emacs-lisp/ssh.el[]
[][]@textrm ). |

@hbox(8.2125+2.73749)x433.62, glue set - 1.0
.@glue(@leftskip) 21.68121
.@texttt t
.@texttt e
.@texttt l
.@texttt n
.etc.

[24] [25] [26] Chapter 4 [27] [28] [29] [30] [31] [32] [33] [34] [35]
Chapter 5 [36] Chapter 6 [37] (./help-s.texi [38] [39] [40] [41] [42])
Chapter 7 [43] [44] [45] [46] [47] [48] [49] Chapter 8 [50] [51] [52]
Chapter 9 [53] [54] Chapter 10 [55] (./help-sas.texi [56] [57] [58] [59]
[60] [61] [62]
Overfull \hbox (4.4401pt too wide) in paragraph at lines 542--542
@textrm `@texttt *SAS:1.log*[]@textrm '[]| 

@hbox(9.34993+3.85005)x64.87881
.@textrm `
.@texttt *
.@texttt S
.@texttt A
.@texttt S
.etc.


Overfull \hbox (4.4401pt too wide) in paragraph at lines 544--544
@textrm `@texttt *SAS:1.lst*[]@textrm '[]| 

@hbox(9.34993+3.85005)x64.87881
.@textrm `
.@texttt *
.@texttt S
.@texttt A
.@texttt S
.etc.

[63]) Chapter 11 [64] (./help-bugs.texi [65]) Chapter 12 [66] (./help-jags.texi
[67]) Chapter 13 [68] [69] [70] [71] [72]
Overfull \hbox (83.03401pt too wide) in paragraph at lines 3127--3131
[]@textrm ESS pro-vides sup-port for writ-ing and pro-cess-ing Sweave ([][]@tex
ttt http://www.statistik.lmu.de/~leisch/Sweave[][][]@textrm ),|

@hbox(8.2125+2.73749)x433.62, glue set - 1.0
.@hbox(0.0+0.0)x15.0
.@kern -15.0
.@textrm E
.@textrm S
.@textrm S
.etc.

Chapter 14 [73] (./bugs.texi) (./bugrept.texi) (./mailing.texi [74])
Appendix A [75] (Key (Character) Index) [76] (Concept Index) [77] (./ess.cps
[78]) (Variable and command index) [79] (./ess.vrs [80]) [81] (./ess.toc
[-1] [-2]) [-3] (./ess.toc) (./ess.toc) ) 
Here is how much of TeX's memory you used:
 2461 strings out of 496982
 31703 string characters out of 3204656
 107980 words of memory out of 3000000
 3339 multiletter control sequences out of 15000+200000
 32896 words of font info for 113 fonts, out of 3000000 for 9000
 137 hyphenation exceptions out of 8191
 18i,6n,18p,280b,630s stack positions out of 5000i,500n,10000p,200000b,50000s
{/usr/share/texmf-dist/fonts/enc/dvips
/cm-super/cm-super-t1.enc}</usr/share/texmf-dist/fonts/type1/public/amsfonts/cm
/cmb10.pfb></usr/share/texmf-dist/fonts/type1/public/amsfonts/cm/cmbx12.pfb></u
sr/share/texmf-dist/fonts/type1/public/amsfonts/cm/cmcsc10.pfb></usr/share/texm
f-dist/fonts/type1/public/amsfonts/cm/cmmi10.pfb></usr/share/texmf-dist/fonts/t
ype1/public/amsfonts/cm/cmmi12.pfb></usr/share/texmf-dist/fonts/type1/public/am
sfonts/cm/cmmi9.pfb></usr/share/texmf-dist/fonts/type1/public/amsfonts/cm/cmr10
.pfb></usr/share/texmf-dist/fonts/type1/public/amsfonts/cm/cmr7.pfb></usr/share
/texmf-dist/fonts/type1/public/amsfonts/cm/cmr9.pfb></usr/share/texmf-dist/font
s/type1/public/amsfonts/cm/cmsl10.pfb></usr/share/texmf-dist/fonts/type1/public
/amsfonts/cm/cmsltt10.pfb></usr/share/texmf-dist/fonts/type1/public/amsfonts/cm
/cmsy10.pfb></usr/share/texmf-dist/fonts/type1/public/amsfonts/cm/cmti10.pfb></
usr/share/texmf-dist/fonts/type1/public/amsfonts/cm/cmtt10.pfb></usr/share/texm
f-dist/fonts/type1/public/amsfonts/cm/cmtt12.pfb></usr/share/texmf-dist/fonts/t
ype1/public/amsfonts/cm/cmtt9.pfb></usr/share/texmf-dist/fonts/type1/public/cm-
super/sfrm1095.pfb>
Output written on ess.pdf (85 pages, 487538 bytes).
PDF statistics:
 1324 PDF objects out of 1440 (max. 8388607)
 1204 compressed objects within 13 object streams
 181 named destinations out of 1000 (max. 500000)
 789 words of extra memory for PDF output out of 10000 (max. 10000000)

